<?xml version="1.0" encoding="UTF-8"?>
<testsuite name="example.cashcard.CashCardJsonTest" tests="2" skipped="0" failures="0" errors="0" timestamp="2023-11-27T02:14:37" hostname="aqiCMD6R.vmware.com" time="0.799">
  <properties/>
  <testcase name="cashCardSerializationTest()" classname="example.cashcard.CashCardJsonTest" time="0.776"/>
  <testcase name="cashCardDeserializationTest()" classname="example.cashcard.CashCardJsonTest" time="0.021"/>
  <system-out><![CDATA[2023-11-27T11:14:37.290+09:00  INFO 20119 --- [    Test worker] t.c.s.AnnotationConfigContextLoaderUtils : Could not detect default configuration classes for test class [example.cashcard.CashCardJsonTest]: CashCardJsonTest does not declare any static, non-private, non-final, nested classes annotated with @Configuration.
2023-11-27T11:14:37.306+09:00  INFO 20119 --- [    Test worker] .b.t.c.SpringBootTestContextBootstrapper : Found @SpringBootConfiguration example.cashcard.CashcardApplication for test class example.cashcard.CashCardJsonTest

  .   ____          _            __ _ _
 /\\ / ___'_ __ _ _(_)_ __  __ _ \ \ \ \
( ( )\___ | '_ | '_| | '_ \/ _` | \ \ \ \
 \\/  ___)| |_)| | | | | || (_| |  ) ) ) )
  '  |____| .__|_| |_|_| |_\__, | / / / /
 =========|_|==============|___/=/_/_/_/
 :: Spring Boot ::                (v3.1.6)

2023-11-27T11:14:37.334+09:00  INFO 20119 --- [    Test worker] example.cashcard.CashCardJsonTest        : Starting CashCardJsonTest using Java 17.0.7 with PID 20119 (started by aqi in /Users/aqi/Downloads/cashcard)
2023-11-27T11:14:37.335+09:00  INFO 20119 --- [    Test worker] example.cashcard.CashCardJsonTest        : No active profile set, falling back to 1 default profile: "default"
2023-11-27T11:14:37.424+09:00  INFO 20119 --- [    Test worker] example.cashcard.CashCardJsonTest        : Started CashCardJsonTest in 0.114 seconds (process running for 3.66)
]]></system-out>
  <system-err><![CDATA[]]></system-err>
</testsuite>
