<?xml version="1.0" encoding="UTF-8"?>
<testsuite name="example.cashcard.CashCardApplicationTests" tests="13" skipped="0" failures="0" errors="0" timestamp="2023-12-08T13:38:40" hostname="aqiCMD6R.vmware.com" time="4.809">
  <properties/>
  <testcase name="shouldReturnASortedPageOfCashCards()" classname="example.cashcard.CashCardApplicationTests" time="0.988"/>
  <testcase name="shouldNotAllowAccessToCashCardsTheyDoNotOwn()" classname="example.cashcard.CashCardApplicationTests" time="0.079"/>
  <testcase name="shouldNotUpdateACashCardThatIsOwnedBySomeoneElse()" classname="example.cashcard.CashCardApplicationTests" time="0.095"/>
  <testcase name="shouldReturnACashCardWhenDataIsSaved()" classname="example.cashcard.CashCardApplicationTests" time="0.075"/>
  <testcase name="shouldCreateANewCashCard()" classname="example.cashcard.CashCardApplicationTests" time="0.393"/>
  <testcase name="shouldRejectUsersWhoAreNotCardOwners()" classname="example.cashcard.CashCardApplicationTests" time="0.179"/>
  <testcase name="shouldReturnAPageOfCashCards()" classname="example.cashcard.CashCardApplicationTests" time="0.084"/>
  <testcase name="shouldUpdateAnExistingCashCard()" classname="example.cashcard.CashCardApplicationTests" time="1.38"/>
  <testcase name="shouldNotUpdateACashCardThatDoesNotExist()" classname="example.cashcard.CashCardApplicationTests" time="0.154"/>
  <testcase name="shouldNotReturnACashCardWhenUsingBadCredentials()" classname="example.cashcard.CashCardApplicationTests" time="0.143"/>
  <testcase name="shouldReturnAllCashCardsWhenListIsRequested()" classname="example.cashcard.CashCardApplicationTests" time="0.089"/>
  <testcase name="shouldReturnASortedPageOfCashCardsWithNoParametersAndUseDefaultValues()" classname="example.cashcard.CashCardApplicationTests" time="0.074"/>
  <testcase name="shouldNotReturnACashCardWithAnUnknownId()" classname="example.cashcard.CashCardApplicationTests" time="0.079"/>
  <system-out><![CDATA[22:38:38.394 [Test worker] INFO org.springframework.test.context.support.AnnotationConfigContextLoaderUtils -- Could not detect default configuration classes for test class [example.cashcard.CashCardApplicationTests]: CashCardApplicationTests does not declare any static, non-private, non-final, nested classes annotated with @Configuration.
22:38:38.479 [Test worker] INFO org.springframework.boot.test.context.SpringBootTestContextBootstrapper -- Found @SpringBootConfiguration example.cashcard.CashcardApplication for test class example.cashcard.CashCardApplicationTests

  .   ____          _            __ _ _
 /\\ / ___'_ __ _ _(_)_ __  __ _ \ \ \ \
( ( )\___ | '_ | '_| | '_ \/ _` | \ \ \ \
 \\/  ___)| |_)| | | | | || (_| |  ) ) ) )
  '  |____| .__|_| |_|_| |_\__, | / / / /
 =========|_|==============|___/=/_/_/_/
 :: Spring Boot ::                (v3.1.6)

2023-12-08T22:38:38.739+09:00  INFO 23316 --- [    Test worker] e.cashcard.CashCardApplicationTests      : Starting CashCardApplicationTests using Java 17.0.7 with PID 23316 (started by aqi in /Users/aqi/Documents/workStation/cashcard)
2023-12-08T22:38:38.740+09:00  INFO 23316 --- [    Test worker] e.cashcard.CashCardApplicationTests      : No active profile set, falling back to 1 default profile: "default"
2023-12-08T22:38:39.154+09:00  INFO 23316 --- [    Test worker] .s.d.r.c.RepositoryConfigurationDelegate : Bootstrapping Spring Data JDBC repositories in DEFAULT mode.
2023-12-08T22:38:39.188+09:00  INFO 23316 --- [    Test worker] .s.d.r.c.RepositoryConfigurationDelegate : Finished Spring Data repository scanning in 30 ms. Found 1 JDBC repository interface.
2023-12-08T22:38:39.568+09:00  INFO 23316 --- [    Test worker] o.s.b.w.embedded.tomcat.TomcatWebServer  : Tomcat initialized with port(s): 0 (http)
2023-12-08T22:38:39.575+09:00  INFO 23316 --- [    Test worker] o.apache.catalina.core.StandardService   : Starting service [Tomcat]
2023-12-08T22:38:39.576+09:00  INFO 23316 --- [    Test worker] o.apache.catalina.core.StandardEngine    : Starting Servlet engine: [Apache Tomcat/10.1.16]
2023-12-08T22:38:39.646+09:00  INFO 23316 --- [    Test worker] o.a.c.c.C.[Tomcat].[localhost].[/]       : Initializing Spring embedded WebApplicationContext
2023-12-08T22:38:39.647+09:00  INFO 23316 --- [    Test worker] w.s.c.ServletWebServerApplicationContext : Root WebApplicationContext: initialization completed in 893 ms
2023-12-08T22:38:39.711+09:00  INFO 23316 --- [    Test worker] o.s.j.d.e.EmbeddedDatabaseFactory        : Starting embedded database: url='jdbc:h2:mem:8cf64045-ccd4-4fc3-97ca-6638f94bf990;DB_CLOSE_DELAY=-1;DB_CLOSE_ON_EXIT=false', username='sa'
2023-12-08T22:38:40.460+09:00  INFO 23316 --- [    Test worker] o.s.s.web.DefaultSecurityFilterChain     : Will secure any request with [org.springframework.security.web.session.DisableEncodeUrlFilter@686b1e2d, org.springframework.security.web.context.request.async.WebAsyncManagerIntegrationFilter@6e7e0259, org.springframework.security.web.context.SecurityContextHolderFilter@191e654, org.springframework.security.web.header.HeaderWriterFilter@f76872f, org.springframework.security.web.authentication.logout.LogoutFilter@1b60d324, org.springframework.security.web.authentication.www.BasicAuthenticationFilter@4404a6b, org.springframework.security.web.savedrequest.RequestCacheAwareFilter@63bca84d, org.springframework.security.web.servletapi.SecurityContextHolderAwareRequestFilter@79d49790, org.springframework.security.web.authentication.AnonymousAuthenticationFilter@646e6d07, org.springframework.security.web.access.ExceptionTranslationFilter@7e4ac598, org.springframework.security.web.access.intercept.AuthorizationFilter@18483b8b]
2023-12-08T22:38:40.615+09:00  INFO 23316 --- [    Test worker] o.s.b.w.embedded.tomcat.TomcatWebServer  : Tomcat started on port(s): 50768 (http) with context path ''
2023-12-08T22:38:40.625+09:00  INFO 23316 --- [    Test worker] e.cashcard.CashCardApplicationTests      : Started CashCardApplicationTests in 2.053 seconds (process running for 2.898)
2023-12-08T22:38:41.296+09:00  INFO 23316 --- [o-auto-1-exec-1] o.a.c.c.C.[Tomcat].[localhost].[/]       : Initializing Spring DispatcherServlet 'dispatcherServlet'
2023-12-08T22:38:41.297+09:00  INFO 23316 --- [o-auto-1-exec-1] o.s.web.servlet.DispatcherServlet        : Initializing Servlet 'dispatcherServlet'
2023-12-08T22:38:41.298+09:00  INFO 23316 --- [o-auto-1-exec-1] o.s.web.servlet.DispatcherServlet        : Completed initialization in 1 ms
2023-12-08T22:38:41.434+09:00  WARN 23316 --- [o-auto-1-exec-1] o.s.w.s.h.HandlerMappingIntrospector     : Cache miss for REQUEST dispatch to '/cashcards' (previous null). Performing MatchableHandlerMapping lookup. This is logged once only at WARN level, and every time at TRACE.
2023-12-08T22:38:42.052+09:00  INFO 23316 --- [    Test worker] o.apache.catalina.core.StandardService   : Stopping service [Tomcat]
2023-12-08T22:38:42.053+09:00  INFO 23316 --- [    Test worker] o.a.c.c.C.[Tomcat].[localhost].[/]       : Destroying Spring FrameworkServlet 'dispatcherServlet'
2023-12-08T22:38:42.061+09:00  INFO 23316 --- [    Test worker] o.s.j.d.e.EmbeddedDatabaseFactory        : Shutting down embedded database: url='jdbc:h2:mem:8cf64045-ccd4-4fc3-97ca-6638f94bf990;DB_CLOSE_DELAY=-1;DB_CLOSE_ON_EXIT=false'

  .   ____          _            __ _ _
 /\\ / ___'_ __ _ _(_)_ __  __ _ \ \ \ \
( ( )\___ | '_ | '_| | '_ \/ _` | \ \ \ \
 \\/  ___)| |_)| | | | | || (_| |  ) ) ) )
  '  |____| .__|_| |_|_| |_\__, | / / / /
 =========|_|==============|___/=/_/_/_/
 :: Spring Boot ::                (v3.1.6)

2023-12-08T22:38:42.290+09:00  INFO 23316 --- [    Test worker] e.cashcard.CashCardApplicationTests      : Starting CashCardApplicationTests using Java 17.0.7 with PID 23316 (started by aqi in /Users/aqi/Documents/workStation/cashcard)
2023-12-08T22:38:42.290+09:00  INFO 23316 --- [    Test worker] e.cashcard.CashCardApplicationTests      : No active profile set, falling back to 1 default profile: "default"
2023-12-08T22:38:42.420+09:00  INFO 23316 --- [    Test worker] .s.d.r.c.RepositoryConfigurationDelegate : Bootstrapping Spring Data JDBC repositories in DEFAULT mode.
2023-12-08T22:38:42.426+09:00  INFO 23316 --- [    Test worker] .s.d.r.c.RepositoryConfigurationDelegate : Finished Spring Data repository scanning in 5 ms. Found 1 JDBC repository interface.
2023-12-08T22:38:42.482+09:00  INFO 23316 --- [    Test worker] o.s.b.w.embedded.tomcat.TomcatWebServer  : Tomcat initialized with port(s): 0 (http)
2023-12-08T22:38:42.483+09:00  INFO 23316 --- [    Test worker] o.apache.catalina.core.StandardService   : Starting service [Tomcat]
2023-12-08T22:38:42.483+09:00  INFO 23316 --- [    Test worker] o.apache.catalina.core.StandardEngine    : Starting Servlet engine: [Apache Tomcat/10.1.16]
2023-12-08T22:38:42.497+09:00  INFO 23316 --- [    Test worker] o.a.c.c.C.[Tomcat].[localhost].[/]       : Initializing Spring embedded WebApplicationContext
2023-12-08T22:38:42.497+09:00  INFO 23316 --- [    Test worker] w.s.c.ServletWebServerApplicationContext : Root WebApplicationContext: initialization completed in 205 ms
2023-12-08T22:38:42.512+09:00  INFO 23316 --- [    Test worker] o.s.j.d.e.EmbeddedDatabaseFactory        : Starting embedded database: url='jdbc:h2:mem:8e2ac715-0017-4c2c-be34-12dac4ee3678;DB_CLOSE_DELAY=-1;DB_CLOSE_ON_EXIT=false', username='sa'
2023-12-08T22:38:42.738+09:00  INFO 23316 --- [    Test worker] o.s.s.web.DefaultSecurityFilterChain     : Will secure any request with [org.springframework.security.web.session.DisableEncodeUrlFilter@3085befb, org.springframework.security.web.context.request.async.WebAsyncManagerIntegrationFilter@62264d4f, org.springframework.security.web.context.SecurityContextHolderFilter@125a8ab6, org.springframework.security.web.header.HeaderWriterFilter@27234b7c, org.springframework.security.web.authentication.logout.LogoutFilter@7730da00, org.springframework.security.web.authentication.www.BasicAuthenticationFilter@41948c13, org.springframework.security.web.savedrequest.RequestCacheAwareFilter@792b9dd3, org.springframework.security.web.servletapi.SecurityContextHolderAwareRequestFilter@cbc3bf3, org.springframework.security.web.authentication.AnonymousAuthenticationFilter@2bc0603f, org.springframework.security.web.access.ExceptionTranslationFilter@10bcbbce, org.springframework.security.web.access.intercept.AuthorizationFilter@3fdede3a]
2023-12-08T22:38:42.787+09:00  INFO 23316 --- [    Test worker] o.s.b.w.embedded.tomcat.TomcatWebServer  : Tomcat started on port(s): 50772 (http) with context path ''
2023-12-08T22:38:42.789+09:00  INFO 23316 --- [    Test worker] e.cashcard.CashCardApplicationTests      : Started CashCardApplicationTests in 0.52 seconds (process running for 5.062)
2023-12-08T22:38:42.796+09:00  INFO 23316 --- [o-auto-2-exec-1] o.a.c.c.C.[Tomcat].[localhost].[/]       : Initializing Spring DispatcherServlet 'dispatcherServlet'
2023-12-08T22:38:42.797+09:00  INFO 23316 --- [o-auto-2-exec-1] o.s.web.servlet.DispatcherServlet        : Initializing Servlet 'dispatcherServlet'
2023-12-08T22:38:42.798+09:00  INFO 23316 --- [o-auto-2-exec-1] o.s.web.servlet.DispatcherServlet        : Completed initialization in 1 ms
2023-12-08T22:38:42.962+09:00  WARN 23316 --- [o-auto-2-exec-1] o.s.w.s.h.HandlerMappingIntrospector     : Cache miss for REQUEST dispatch to '/cashcards/99' (previous null). Performing MatchableHandlerMapping lookup. This is logged once only at WARN level, and every time at TRACE.
2023-12-08T22:38:44.227+09:00  INFO 23316 --- [    Test worker] o.apache.catalina.core.StandardService   : Stopping service [Tomcat]
2023-12-08T22:38:44.228+09:00  INFO 23316 --- [    Test worker] o.a.c.c.C.[Tomcat].[localhost].[/]       : Destroying Spring FrameworkServlet 'dispatcherServlet'
2023-12-08T22:38:44.232+09:00  INFO 23316 --- [    Test worker] o.s.j.d.e.EmbeddedDatabaseFactory        : Shutting down embedded database: url='jdbc:h2:mem:8e2ac715-0017-4c2c-be34-12dac4ee3678;DB_CLOSE_DELAY=-1;DB_CLOSE_ON_EXIT=false'

  .   ____          _            __ _ _
 /\\ / ___'_ __ _ _(_)_ __  __ _ \ \ \ \
( ( )\___ | '_ | '_| | '_ \/ _` | \ \ \ \
 \\/  ___)| |_)| | | | | || (_| |  ) ) ) )
  '  |____| .__|_| |_|_| |_\__, | / / / /
 =========|_|==============|___/=/_/_/_/
 :: Spring Boot ::                (v3.1.6)

2023-12-08T22:38:44.455+09:00  INFO 23316 --- [    Test worker] e.cashcard.CashCardApplicationTests      : Starting CashCardApplicationTests using Java 17.0.7 with PID 23316 (started by aqi in /Users/aqi/Documents/workStation/cashcard)
2023-12-08T22:38:44.455+09:00  INFO 23316 --- [    Test worker] e.cashcard.CashCardApplicationTests      : No active profile set, falling back to 1 default profile: "default"
2023-12-08T22:38:44.551+09:00  INFO 23316 --- [    Test worker] .s.d.r.c.RepositoryConfigurationDelegate : Bootstrapping Spring Data JDBC repositories in DEFAULT mode.
2023-12-08T22:38:44.557+09:00  INFO 23316 --- [    Test worker] .s.d.r.c.RepositoryConfigurationDelegate : Finished Spring Data repository scanning in 5 ms. Found 1 JDBC repository interface.
2023-12-08T22:38:44.613+09:00  INFO 23316 --- [    Test worker] o.s.b.w.embedded.tomcat.TomcatWebServer  : Tomcat initialized with port(s): 0 (http)
2023-12-08T22:38:44.614+09:00  INFO 23316 --- [    Test worker] o.apache.catalina.core.StandardService   : Starting service [Tomcat]
2023-12-08T22:38:44.614+09:00  INFO 23316 --- [    Test worker] o.apache.catalina.core.StandardEngine    : Starting Servlet engine: [Apache Tomcat/10.1.16]
2023-12-08T22:38:44.630+09:00  INFO 23316 --- [    Test worker] o.a.c.c.C.[Tomcat].[localhost].[/]       : Initializing Spring embedded WebApplicationContext
2023-12-08T22:38:44.630+09:00  INFO 23316 --- [    Test worker] w.s.c.ServletWebServerApplicationContext : Root WebApplicationContext: initialization completed in 173 ms
2023-12-08T22:38:44.644+09:00  INFO 23316 --- [    Test worker] o.s.j.d.e.EmbeddedDatabaseFactory        : Starting embedded database: url='jdbc:h2:mem:17e49a08-c54b-4da4-95ec-e4d6b86be8b8;DB_CLOSE_DELAY=-1;DB_CLOSE_ON_EXIT=false', username='sa'
2023-12-08T22:38:44.861+09:00  INFO 23316 --- [    Test worker] o.s.s.web.DefaultSecurityFilterChain     : Will secure any request with [org.springframework.security.web.session.DisableEncodeUrlFilter@240f712e, org.springframework.security.web.context.request.async.WebAsyncManagerIntegrationFilter@3e7ddb7e, org.springframework.security.web.context.SecurityContextHolderFilter@6d5d1204, org.springframework.security.web.header.HeaderWriterFilter@5feb8e9a, org.springframework.security.web.authentication.logout.LogoutFilter@4f3e65f4, org.springframework.security.web.authentication.www.BasicAuthenticationFilter@1822a61b, org.springframework.security.web.savedrequest.RequestCacheAwareFilter@1784a296, org.springframework.security.web.servletapi.SecurityContextHolderAwareRequestFilter@49ea4b65, org.springframework.security.web.authentication.AnonymousAuthenticationFilter@6905d030, org.springframework.security.web.access.ExceptionTranslationFilter@eea0b48, org.springframework.security.web.access.intercept.AuthorizationFilter@66b62332]
2023-12-08T22:38:44.891+09:00  INFO 23316 --- [    Test worker] o.s.b.w.embedded.tomcat.TomcatWebServer  : Tomcat started on port(s): 50775 (http) with context path ''
2023-12-08T22:38:44.894+09:00  INFO 23316 --- [    Test worker] e.cashcard.CashCardApplicationTests      : Started CashCardApplicationTests in 0.456 seconds (process running for 7.167)
2023-12-08T22:38:44.905+09:00  INFO 23316 --- [o-auto-3-exec-1] o.a.c.c.C.[Tomcat].[localhost].[/]       : Initializing Spring DispatcherServlet 'dispatcherServlet'
2023-12-08T22:38:44.905+09:00  INFO 23316 --- [o-auto-3-exec-1] o.s.web.servlet.DispatcherServlet        : Initializing Servlet 'dispatcherServlet'
2023-12-08T22:38:44.906+09:00  INFO 23316 --- [o-auto-3-exec-1] o.s.web.servlet.DispatcherServlet        : Completed initialization in 1 ms
2023-12-08T22:38:45.040+09:00  WARN 23316 --- [o-auto-3-exec-1] o.s.w.s.h.HandlerMappingIntrospector     : Cache miss for REQUEST dispatch to '/cashcards/99999' (previous null). Performing MatchableHandlerMapping lookup. This is logged once only at WARN level, and every time at TRACE.
]]></system-out>
  <system-err><![CDATA[]]></system-err>
</testsuite>
