<?xml version="1.0" encoding="UTF-8"?>
<testsuite name="example.cashcard.CashCardApplicationTests" tests="8" skipped="0" failures="0" errors="0" timestamp="2023-12-04T00:55:55" hostname="aqiCMD6R.vmware.com" time="2.508">
  <properties/>
  <testcase name="shouldReturnASortedPageOfCashCards()" classname="example.cashcard.CashCardApplicationTests" time="1.036"/>
  <testcase name="shouldReturnACashCardWhenDataIsSaved()" classname="example.cashcard.CashCardApplicationTests" time="0.093"/>
  <testcase name="shouldCreateANewCashCard()" classname="example.cashcard.CashCardApplicationTests" time="0.438"/>
  <testcase name="shouldReturnAPageOfCashCards()" classname="example.cashcard.CashCardApplicationTests" time="0.152"/>
  <testcase name="shouldNotReturnACashCardWhenUsingBadCredentials()" classname="example.cashcard.CashCardApplicationTests" time="0.149"/>
  <testcase name="shouldReturnAllCashCardsWhenListIsRequested()" classname="example.cashcard.CashCardApplicationTests" time="0.086"/>
  <testcase name="shouldReturnASortedPageOfCashCardsWithNoParametersAndUseDefaultValues()" classname="example.cashcard.CashCardApplicationTests" time="0.074"/>
  <testcase name="shouldNotReturnACashCardWithAnUnknownId()" classname="example.cashcard.CashCardApplicationTests" time="0.081"/>
  <system-out><![CDATA[09:55:53.141 [Test worker] INFO org.springframework.test.context.support.AnnotationConfigContextLoaderUtils -- Could not detect default configuration classes for test class [example.cashcard.CashCardApplicationTests]: CashCardApplicationTests does not declare any static, non-private, non-final, nested classes annotated with @Configuration.
09:55:53.225 [Test worker] INFO org.springframework.boot.test.context.SpringBootTestContextBootstrapper -- Found @SpringBootConfiguration example.cashcard.CashcardApplication for test class example.cashcard.CashCardApplicationTests

  .   ____          _            __ _ _
 /\\ / ___'_ __ _ _(_)_ __  __ _ \ \ \ \
( ( )\___ | '_ | '_| | '_ \/ _` | \ \ \ \
 \\/  ___)| |_)| | | | | || (_| |  ) ) ) )
  '  |____| .__|_| |_|_| |_\__, | / / / /
 =========|_|==============|___/=/_/_/_/
 :: Spring Boot ::                (v3.1.6)

2023-12-04T09:55:53.500+09:00  INFO 31281 --- [    Test worker] e.cashcard.CashCardApplicationTests      : Starting CashCardApplicationTests using Java 17.0.7 with PID 31281 (started by aqi in /Users/aqi/Documents/workStation/cashcard)
2023-12-04T09:55:53.501+09:00  INFO 31281 --- [    Test worker] e.cashcard.CashCardApplicationTests      : No active profile set, falling back to 1 default profile: "default"
2023-12-04T09:55:53.915+09:00  INFO 31281 --- [    Test worker] .s.d.r.c.RepositoryConfigurationDelegate : Bootstrapping Spring Data JDBC repositories in DEFAULT mode.
2023-12-04T09:55:53.955+09:00  INFO 31281 --- [    Test worker] .s.d.r.c.RepositoryConfigurationDelegate : Finished Spring Data repository scanning in 36 ms. Found 1 JDBC repository interface.
2023-12-04T09:55:54.341+09:00  INFO 31281 --- [    Test worker] o.s.b.w.embedded.tomcat.TomcatWebServer  : Tomcat initialized with port(s): 0 (http)
2023-12-04T09:55:54.349+09:00  INFO 31281 --- [    Test worker] o.apache.catalina.core.StandardService   : Starting service [Tomcat]
2023-12-04T09:55:54.350+09:00  INFO 31281 --- [    Test worker] o.apache.catalina.core.StandardEngine    : Starting Servlet engine: [Apache Tomcat/10.1.16]
2023-12-04T09:55:54.425+09:00  INFO 31281 --- [    Test worker] o.a.c.c.C.[Tomcat].[localhost].[/]       : Initializing Spring embedded WebApplicationContext
2023-12-04T09:55:54.426+09:00  INFO 31281 --- [    Test worker] w.s.c.ServletWebServerApplicationContext : Root WebApplicationContext: initialization completed in 907 ms
2023-12-04T09:55:54.487+09:00  INFO 31281 --- [    Test worker] o.s.j.d.e.EmbeddedDatabaseFactory        : Starting embedded database: url='jdbc:h2:mem:c78816c8-6e79-461a-8b99-fbfaa8beef15;DB_CLOSE_DELAY=-1;DB_CLOSE_ON_EXIT=false', username='sa'
2023-12-04T09:55:55.124+09:00  INFO 31281 --- [    Test worker] o.s.s.web.DefaultSecurityFilterChain     : Will secure any request with [org.springframework.security.web.session.DisableEncodeUrlFilter@7752c0e7, org.springframework.security.web.context.request.async.WebAsyncManagerIntegrationFilter@77ba583, org.springframework.security.web.context.SecurityContextHolderFilter@3dd2b9c1, org.springframework.security.web.header.HeaderWriterFilter@3d8d52be, org.springframework.security.web.authentication.logout.LogoutFilter@370a8b6e, org.springframework.security.web.authentication.www.BasicAuthenticationFilter@16ccd2bc, org.springframework.security.web.savedrequest.RequestCacheAwareFilter@536da29c, org.springframework.security.web.servletapi.SecurityContextHolderAwareRequestFilter@4cb4c4cc, org.springframework.security.web.authentication.AnonymousAuthenticationFilter@5613247e, org.springframework.security.web.access.ExceptionTranslationFilter@6b9a1205, org.springframework.security.web.access.intercept.AuthorizationFilter@778113f2]
2023-12-04T09:55:55.261+09:00  INFO 31281 --- [    Test worker] o.s.b.w.embedded.tomcat.TomcatWebServer  : Tomcat started on port(s): 59933 (http) with context path ''
2023-12-04T09:55:55.268+09:00  INFO 31281 --- [    Test worker] e.cashcard.CashCardApplicationTests      : Started CashCardApplicationTests in 1.947 seconds (process running for 2.8)
2023-12-04T09:55:55.949+09:00  INFO 31281 --- [o-auto-1-exec-1] o.a.c.c.C.[Tomcat].[localhost].[/]       : Initializing Spring DispatcherServlet 'dispatcherServlet'
2023-12-04T09:55:55.950+09:00  INFO 31281 --- [o-auto-1-exec-1] o.s.web.servlet.DispatcherServlet        : Initializing Servlet 'dispatcherServlet'
2023-12-04T09:55:55.950+09:00  INFO 31281 --- [o-auto-1-exec-1] o.s.web.servlet.DispatcherServlet        : Completed initialization in 0 ms
2023-12-04T09:55:56.088+09:00  WARN 31281 --- [o-auto-1-exec-1] o.s.w.s.h.HandlerMappingIntrospector     : Cache miss for REQUEST dispatch to '/cashcards' (previous null). Performing MatchableHandlerMapping lookup. This is logged once only at WARN level, and every time at TRACE.
2023-12-04T09:55:56.626+09:00  INFO 31281 --- [    Test worker] o.apache.catalina.core.StandardService   : Stopping service [Tomcat]
2023-12-04T09:55:56.627+09:00  INFO 31281 --- [    Test worker] o.a.c.c.C.[Tomcat].[localhost].[/]       : Destroying Spring FrameworkServlet 'dispatcherServlet'
2023-12-04T09:55:56.634+09:00  INFO 31281 --- [    Test worker] o.s.j.d.e.EmbeddedDatabaseFactory        : Shutting down embedded database: url='jdbc:h2:mem:c78816c8-6e79-461a-8b99-fbfaa8beef15;DB_CLOSE_DELAY=-1;DB_CLOSE_ON_EXIT=false'

  .   ____          _            __ _ _
 /\\ / ___'_ __ _ _(_)_ __  __ _ \ \ \ \
( ( )\___ | '_ | '_| | '_ \/ _` | \ \ \ \
 \\/  ___)| |_)| | | | | || (_| |  ) ) ) )
  '  |____| .__|_| |_|_| |_\__, | / / / /
 =========|_|==============|___/=/_/_/_/
 :: Spring Boot ::                (v3.1.6)

2023-12-04T09:55:56.866+09:00  INFO 31281 --- [    Test worker] e.cashcard.CashCardApplicationTests      : Starting CashCardApplicationTests using Java 17.0.7 with PID 31281 (started by aqi in /Users/aqi/Documents/workStation/cashcard)
2023-12-04T09:55:56.866+09:00  INFO 31281 --- [    Test worker] e.cashcard.CashCardApplicationTests      : No active profile set, falling back to 1 default profile: "default"
2023-12-04T09:55:56.981+09:00  INFO 31281 --- [    Test worker] .s.d.r.c.RepositoryConfigurationDelegate : Bootstrapping Spring Data JDBC repositories in DEFAULT mode.
2023-12-04T09:55:56.986+09:00  INFO 31281 --- [    Test worker] .s.d.r.c.RepositoryConfigurationDelegate : Finished Spring Data repository scanning in 5 ms. Found 1 JDBC repository interface.
2023-12-04T09:55:57.034+09:00  INFO 31281 --- [    Test worker] o.s.b.w.embedded.tomcat.TomcatWebServer  : Tomcat initialized with port(s): 0 (http)
2023-12-04T09:55:57.035+09:00  INFO 31281 --- [    Test worker] o.apache.catalina.core.StandardService   : Starting service [Tomcat]
2023-12-04T09:55:57.035+09:00  INFO 31281 --- [    Test worker] o.apache.catalina.core.StandardEngine    : Starting Servlet engine: [Apache Tomcat/10.1.16]
2023-12-04T09:55:57.049+09:00  INFO 31281 --- [    Test worker] o.a.c.c.C.[Tomcat].[localhost].[/]       : Initializing Spring embedded WebApplicationContext
2023-12-04T09:55:57.049+09:00  INFO 31281 --- [    Test worker] w.s.c.ServletWebServerApplicationContext : Root WebApplicationContext: initialization completed in 182 ms
2023-12-04T09:55:57.063+09:00  INFO 31281 --- [    Test worker] o.s.j.d.e.EmbeddedDatabaseFactory        : Starting embedded database: url='jdbc:h2:mem:4a8b994c-43c8-41ee-a694-be7717726916;DB_CLOSE_DELAY=-1;DB_CLOSE_ON_EXIT=false', username='sa'
2023-12-04T09:55:57.193+09:00  INFO 31281 --- [    Test worker] o.s.s.web.DefaultSecurityFilterChain     : Will secure any request with [org.springframework.security.web.session.DisableEncodeUrlFilter@794f937a, org.springframework.security.web.context.request.async.WebAsyncManagerIntegrationFilter@7aa1fb0e, org.springframework.security.web.context.SecurityContextHolderFilter@152dbf8e, org.springframework.security.web.header.HeaderWriterFilter@772bc4c9, org.springframework.security.web.authentication.logout.LogoutFilter@1ac2829e, org.springframework.security.web.authentication.www.BasicAuthenticationFilter@77972964, org.springframework.security.web.savedrequest.RequestCacheAwareFilter@34ea86ff, org.springframework.security.web.servletapi.SecurityContextHolderAwareRequestFilter@4bcf08ae, org.springframework.security.web.authentication.AnonymousAuthenticationFilter@5e663ab, org.springframework.security.web.access.ExceptionTranslationFilter@acea29e, org.springframework.security.web.access.intercept.AuthorizationFilter@4946dfde]
2023-12-04T09:55:57.231+09:00  INFO 31281 --- [    Test worker] o.s.b.w.embedded.tomcat.TomcatWebServer  : Tomcat started on port(s): 59936 (http) with context path ''
2023-12-04T09:55:57.234+09:00  INFO 31281 --- [    Test worker] e.cashcard.CashCardApplicationTests      : Started CashCardApplicationTests in 0.389 seconds (process running for 4.766)
2023-12-04T09:55:57.239+09:00  INFO 31281 --- [o-auto-2-exec-1] o.a.c.c.C.[Tomcat].[localhost].[/]       : Initializing Spring DispatcherServlet 'dispatcherServlet'
2023-12-04T09:55:57.239+09:00  INFO 31281 --- [o-auto-2-exec-1] o.s.web.servlet.DispatcherServlet        : Initializing Servlet 'dispatcherServlet'
2023-12-04T09:55:57.240+09:00  INFO 31281 --- [o-auto-2-exec-1] o.s.web.servlet.DispatcherServlet        : Completed initialization in 0 ms
2023-12-04T09:55:57.377+09:00  WARN 31281 --- [o-auto-2-exec-1] o.s.w.s.h.HandlerMappingIntrospector     : Cache miss for REQUEST dispatch to '/cashcards' (previous null). Performing MatchableHandlerMapping lookup. This is logged once only at WARN level, and every time at TRACE.
]]></system-out>
  <system-err><![CDATA[]]></system-err>
</testsuite>
