<?xml version="1.0" encoding="UTF-8"?>
<testsuite name="example.cashcard.CashCardJsonTest" tests="4" skipped="0" failures="0" errors="0" timestamp="2023-12-03T11:52:37" hostname="aqiCMD6R.vmware.com" time="0.829">
  <properties/>
  <testcase name="cashCardSerializationTest()" classname="example.cashcard.CashCardJsonTest" time="0.797"/>
  <testcase name="cashCardDeserializationTest()" classname="example.cashcard.CashCardJsonTest" time="0.018"/>
  <testcase name="cashCardListSerializationTest()" classname="example.cashcard.CashCardJsonTest" time="0.006"/>
  <testcase name="cashCardListDeserializationTest()" classname="example.cashcard.CashCardJsonTest" time="0.003"/>
  <system-out><![CDATA[2023-12-03T20:52:37.786+09:00  INFO 9243 --- [    Test worker] t.c.s.AnnotationConfigContextLoaderUtils : Could not detect default configuration classes for test class [example.cashcard.CashCardJsonTest]: CashCardJsonTest does not declare any static, non-private, non-final, nested classes annotated with @Configuration.
2023-12-03T20:52:37.797+09:00  INFO 9243 --- [    Test worker] .b.t.c.SpringBootTestContextBootstrapper : Found @SpringBootConfiguration example.cashcard.CashcardApplication for test class example.cashcard.CashCardJsonTest

  .   ____          _            __ _ _
 /\\ / ___'_ __ _ _(_)_ __  __ _ \ \ \ \
( ( )\___ | '_ | '_| | '_ \/ _` | \ \ \ \
 \\/  ___)| |_)| | | | | || (_| |  ) ) ) )
  '  |____| .__|_| |_|_| |_\__, | / / / /
 =========|_|==============|___/=/_/_/_/
 :: Spring Boot ::                (v3.1.6)

2023-12-03T20:52:37.816+09:00  INFO 9243 --- [    Test worker] example.cashcard.CashCardJsonTest        : Starting CashCardJsonTest using Java 17.0.7 with PID 9243 (started by aqi in /Users/aqi/Documents/workStation/cashcard)
2023-12-03T20:52:37.816+09:00  INFO 9243 --- [    Test worker] example.cashcard.CashCardJsonTest        : No active profile set, falling back to 1 default profile: "default"
2023-12-03T20:52:37.888+09:00  INFO 9243 --- [    Test worker] example.cashcard.CashCardJsonTest        : Started CashCardJsonTest in 0.087 seconds (process running for 5.648)
]]></system-out>
  <system-err><![CDATA[]]></system-err>
</testsuite>
