<?xml version="1.0" encoding="UTF-8"?>
<testsuite name="example.cashcard.CashCardApplicationTests" tests="16" skipped="0" failures="0" errors="0" timestamp="2023-12-19T06:40:26" hostname="aqiCMD6R.vmware.com" time="6.908">
  <properties/>
  <testcase name="shouldReturnASortedPageOfCashCards()" classname="example.cashcard.CashCardApplicationTests" time="1.091"/>
  <testcase name="shouldNotAllowDeletionOfCashCardsTheyDoNotOwn()" classname="example.cashcard.CashCardApplicationTests" time="0.17"/>
  <testcase name="shouldDeleteAnExistingCashCard()" classname="example.cashcard.CashCardApplicationTests" time="0.32"/>
  <testcase name="shouldNotAllowAccessToCashCardsTheyDoNotOwn()" classname="example.cashcard.CashCardApplicationTests" time="0.151"/>
  <testcase name="shouldNotUpdateACashCardThatIsOwnedBySomeoneElse()" classname="example.cashcard.CashCardApplicationTests" time="0.099"/>
  <testcase name="shouldReturnACashCardWhenDataIsSaved()" classname="example.cashcard.CashCardApplicationTests" time="0.079"/>
  <testcase name="shouldNotDeleteACashCardThatDoesNotExist()" classname="example.cashcard.CashCardApplicationTests" time="0.074"/>
  <testcase name="shouldCreateANewCashCard()" classname="example.cashcard.CashCardApplicationTests" time="1.391"/>
  <testcase name="shouldRejectUsersWhoAreNotCardOwners()" classname="example.cashcard.CashCardApplicationTests" time="0.135"/>
  <testcase name="shouldReturnAPageOfCashCards()" classname="example.cashcard.CashCardApplicationTests" time="0.08"/>
  <testcase name="shouldUpdateAnExistingCashCard()" classname="example.cashcard.CashCardApplicationTests" time="1.367"/>
  <testcase name="shouldNotUpdateACashCardThatDoesNotExist()" classname="example.cashcard.CashCardApplicationTests" time="0.139"/>
  <testcase name="shouldNotReturnACashCardWhenUsingBadCredentials()" classname="example.cashcard.CashCardApplicationTests" time="0.132"/>
  <testcase name="shouldReturnAllCashCardsWhenListIsRequested()" classname="example.cashcard.CashCardApplicationTests" time="0.082"/>
  <testcase name="shouldReturnASortedPageOfCashCardsWithNoParametersAndUseDefaultValues()" classname="example.cashcard.CashCardApplicationTests" time="0.077"/>
  <testcase name="shouldNotReturnACashCardWithAnUnknownId()" classname="example.cashcard.CashCardApplicationTests" time="0.08"/>
  <system-out><![CDATA[15:40:24.223 [Test worker] INFO org.springframework.test.context.support.AnnotationConfigContextLoaderUtils -- Could not detect default configuration classes for test class [example.cashcard.CashCardApplicationTests]: CashCardApplicationTests does not declare any static, non-private, non-final, nested classes annotated with @Configuration.
15:40:24.307 [Test worker] INFO org.springframework.boot.test.context.SpringBootTestContextBootstrapper -- Found @SpringBootConfiguration example.cashcard.CashcardApplication for test class example.cashcard.CashCardApplicationTests

  .   ____          _            __ _ _
 /\\ / ___'_ __ _ _(_)_ __  __ _ \ \ \ \
( ( )\___ | '_ | '_| | '_ \/ _` | \ \ \ \
 \\/  ___)| |_)| | | | | || (_| |  ) ) ) )
  '  |____| .__|_| |_|_| |_\__, | / / / /
 =========|_|==============|___/=/_/_/_/
 :: Spring Boot ::                (v3.1.6)

2023-12-19T15:40:24.577+09:00  INFO 32958 --- [    Test worker] e.cashcard.CashCardApplicationTests      : Starting CashCardApplicationTests using Java 17.0.7 with PID 32958 (started by aqi in /Users/aqi/Documents/workStation/cashcard)
2023-12-19T15:40:24.578+09:00  INFO 32958 --- [    Test worker] e.cashcard.CashCardApplicationTests      : No active profile set, falling back to 1 default profile: "default"
2023-12-19T15:40:24.986+09:00  INFO 32958 --- [    Test worker] .s.d.r.c.RepositoryConfigurationDelegate : Bootstrapping Spring Data JDBC repositories in DEFAULT mode.
2023-12-19T15:40:25.025+09:00  INFO 32958 --- [    Test worker] .s.d.r.c.RepositoryConfigurationDelegate : Finished Spring Data repository scanning in 35 ms. Found 1 JDBC repository interface.
2023-12-19T15:40:25.422+09:00  INFO 32958 --- [    Test worker] o.s.b.w.embedded.tomcat.TomcatWebServer  : Tomcat initialized with port(s): 0 (http)
2023-12-19T15:40:25.430+09:00  INFO 32958 --- [    Test worker] o.apache.catalina.core.StandardService   : Starting service [Tomcat]
2023-12-19T15:40:25.431+09:00  INFO 32958 --- [    Test worker] o.apache.catalina.core.StandardEngine    : Starting Servlet engine: [Apache Tomcat/10.1.16]
2023-12-19T15:40:25.504+09:00  INFO 32958 --- [    Test worker] o.a.c.c.C.[Tomcat].[localhost].[/]       : Initializing Spring embedded WebApplicationContext
2023-12-19T15:40:25.505+09:00  INFO 32958 --- [    Test worker] w.s.c.ServletWebServerApplicationContext : Root WebApplicationContext: initialization completed in 912 ms
2023-12-19T15:40:25.575+09:00  INFO 32958 --- [    Test worker] o.s.j.d.e.EmbeddedDatabaseFactory        : Starting embedded database: url='jdbc:h2:mem:1b516a1e-061d-4f5f-9112-9412a81c3d10;DB_CLOSE_DELAY=-1;DB_CLOSE_ON_EXIT=false', username='sa'
2023-12-19T15:40:26.350+09:00  INFO 32958 --- [    Test worker] o.s.s.web.DefaultSecurityFilterChain     : Will secure any request with [org.springframework.security.web.session.DisableEncodeUrlFilter@40a8a26f, org.springframework.security.web.context.request.async.WebAsyncManagerIntegrationFilter@269308cc, org.springframework.security.web.context.SecurityContextHolderFilter@38dbeb39, org.springframework.security.web.header.HeaderWriterFilter@3982206a, org.springframework.security.web.authentication.logout.LogoutFilter@3f9f8d23, org.springframework.security.web.authentication.www.BasicAuthenticationFilter@5be7b749, org.springframework.security.web.savedrequest.RequestCacheAwareFilter@538aa83f, org.springframework.security.web.servletapi.SecurityContextHolderAwareRequestFilter@2d47b06, org.springframework.security.web.authentication.AnonymousAuthenticationFilter@177ddd24, org.springframework.security.web.access.ExceptionTranslationFilter@5fe5c68b, org.springframework.security.web.access.intercept.AuthorizationFilter@671da0f9]
2023-12-19T15:40:26.481+09:00  INFO 32958 --- [    Test worker] o.s.b.w.embedded.tomcat.TomcatWebServer  : Tomcat started on port(s): 62341 (http) with context path ''
2023-12-19T15:40:26.487+09:00  INFO 32958 --- [    Test worker] e.cashcard.CashCardApplicationTests      : Started CashCardApplicationTests in 2.087 seconds (process running for 2.938)
2023-12-19T15:40:27.198+09:00  INFO 32958 --- [o-auto-1-exec-1] o.a.c.c.C.[Tomcat].[localhost].[/]       : Initializing Spring DispatcherServlet 'dispatcherServlet'
2023-12-19T15:40:27.198+09:00  INFO 32958 --- [o-auto-1-exec-1] o.s.web.servlet.DispatcherServlet        : Initializing Servlet 'dispatcherServlet'
2023-12-19T15:40:27.199+09:00  INFO 32958 --- [o-auto-1-exec-1] o.s.web.servlet.DispatcherServlet        : Completed initialization in 1 ms
2023-12-19T15:40:27.353+09:00  WARN 32958 --- [o-auto-1-exec-1] o.s.w.s.h.HandlerMappingIntrospector     : Cache miss for REQUEST dispatch to '/cashcards' (previous null). Performing MatchableHandlerMapping lookup. This is logged once only at WARN level, and every time at TRACE.
2023-12-19T15:40:27.864+09:00  INFO 32958 --- [    Test worker] o.apache.catalina.core.StandardService   : Stopping service [Tomcat]
2023-12-19T15:40:27.865+09:00  INFO 32958 --- [    Test worker] o.a.c.c.C.[Tomcat].[localhost].[/]       : Destroying Spring FrameworkServlet 'dispatcherServlet'
2023-12-19T15:40:27.873+09:00  INFO 32958 --- [    Test worker] o.s.j.d.e.EmbeddedDatabaseFactory        : Shutting down embedded database: url='jdbc:h2:mem:1b516a1e-061d-4f5f-9112-9412a81c3d10;DB_CLOSE_DELAY=-1;DB_CLOSE_ON_EXIT=false'

  .   ____          _            __ _ _
 /\\ / ___'_ __ _ _(_)_ __  __ _ \ \ \ \
( ( )\___ | '_ | '_| | '_ \/ _` | \ \ \ \
 \\/  ___)| |_)| | | | | || (_| |  ) ) ) )
  '  |____| .__|_| |_|_| |_\__, | / / / /
 =========|_|==============|___/=/_/_/_/
 :: Spring Boot ::                (v3.1.6)

2023-12-19T15:40:28.101+09:00  INFO 32958 --- [    Test worker] e.cashcard.CashCardApplicationTests      : Starting CashCardApplicationTests using Java 17.0.7 with PID 32958 (started by aqi in /Users/aqi/Documents/workStation/cashcard)
2023-12-19T15:40:28.101+09:00  INFO 32958 --- [    Test worker] e.cashcard.CashCardApplicationTests      : No active profile set, falling back to 1 default profile: "default"
2023-12-19T15:40:28.213+09:00  INFO 32958 --- [    Test worker] .s.d.r.c.RepositoryConfigurationDelegate : Bootstrapping Spring Data JDBC repositories in DEFAULT mode.
2023-12-19T15:40:28.219+09:00  INFO 32958 --- [    Test worker] .s.d.r.c.RepositoryConfigurationDelegate : Finished Spring Data repository scanning in 5 ms. Found 1 JDBC repository interface.
2023-12-19T15:40:28.274+09:00  INFO 32958 --- [    Test worker] o.s.b.w.embedded.tomcat.TomcatWebServer  : Tomcat initialized with port(s): 0 (http)
2023-12-19T15:40:28.274+09:00  INFO 32958 --- [    Test worker] o.apache.catalina.core.StandardService   : Starting service [Tomcat]
2023-12-19T15:40:28.275+09:00  INFO 32958 --- [    Test worker] o.apache.catalina.core.StandardEngine    : Starting Servlet engine: [Apache Tomcat/10.1.16]
2023-12-19T15:40:28.286+09:00  INFO 32958 --- [    Test worker] o.a.c.c.C.[Tomcat].[localhost].[/]       : Initializing Spring embedded WebApplicationContext
2023-12-19T15:40:28.286+09:00  INFO 32958 --- [    Test worker] w.s.c.ServletWebServerApplicationContext : Root WebApplicationContext: initialization completed in 184 ms
2023-12-19T15:40:28.300+09:00  INFO 32958 --- [    Test worker] o.s.j.d.e.EmbeddedDatabaseFactory        : Starting embedded database: url='jdbc:h2:mem:12a27fb5-e8ec-4be1-be4e-6c67914a1324;DB_CLOSE_DELAY=-1;DB_CLOSE_ON_EXIT=false', username='sa'
2023-12-19T15:40:28.574+09:00  INFO 32958 --- [    Test worker] o.s.s.web.DefaultSecurityFilterChain     : Will secure any request with [org.springframework.security.web.session.DisableEncodeUrlFilter@1a712f12, org.springframework.security.web.context.request.async.WebAsyncManagerIntegrationFilter@62525dd3, org.springframework.security.web.context.SecurityContextHolderFilter@57ac236a, org.springframework.security.web.header.HeaderWriterFilter@2c6efee3, org.springframework.security.web.authentication.logout.LogoutFilter@5c20505f, org.springframework.security.web.authentication.www.BasicAuthenticationFilter@440d2d64, org.springframework.security.web.savedrequest.RequestCacheAwareFilter@4542af89, org.springframework.security.web.servletapi.SecurityContextHolderAwareRequestFilter@3163e03b, org.springframework.security.web.authentication.AnonymousAuthenticationFilter@56adbb07, org.springframework.security.web.access.ExceptionTranslationFilter@5a45c218, org.springframework.security.web.access.intercept.AuthorizationFilter@2202c92f]
2023-12-19T15:40:28.610+09:00  INFO 32958 --- [    Test worker] o.s.b.w.embedded.tomcat.TomcatWebServer  : Tomcat started on port(s): 62344 (http) with context path ''
2023-12-19T15:40:28.613+09:00  INFO 32958 --- [    Test worker] e.cashcard.CashCardApplicationTests      : Started CashCardApplicationTests in 0.531 seconds (process running for 5.063)
2023-12-19T15:40:28.618+09:00  INFO 32958 --- [o-auto-2-exec-1] o.a.c.c.C.[Tomcat].[localhost].[/]       : Initializing Spring DispatcherServlet 'dispatcherServlet'
2023-12-19T15:40:28.618+09:00  INFO 32958 --- [o-auto-2-exec-1] o.s.web.servlet.DispatcherServlet        : Initializing Servlet 'dispatcherServlet'
2023-12-19T15:40:28.619+09:00  INFO 32958 --- [o-auto-2-exec-1] o.s.web.servlet.DispatcherServlet        : Completed initialization in 1 ms
2023-12-19T15:40:28.754+09:00  WARN 32958 --- [o-auto-2-exec-1] o.s.w.s.h.HandlerMappingIntrospector     : Cache miss for REQUEST dispatch to '/cashcards/102' (previous null). Performing MatchableHandlerMapping lookup. This is logged once only at WARN level, and every time at TRACE.
2023-12-19T15:40:30.204+09:00  INFO 32958 --- [    Test worker] o.apache.catalina.core.StandardService   : Stopping service [Tomcat]
2023-12-19T15:40:30.204+09:00  INFO 32958 --- [    Test worker] o.a.c.c.C.[Tomcat].[localhost].[/]       : Destroying Spring FrameworkServlet 'dispatcherServlet'
2023-12-19T15:40:30.207+09:00  INFO 32958 --- [    Test worker] o.s.j.d.e.EmbeddedDatabaseFactory        : Shutting down embedded database: url='jdbc:h2:mem:12a27fb5-e8ec-4be1-be4e-6c67914a1324;DB_CLOSE_DELAY=-1;DB_CLOSE_ON_EXIT=false'

  .   ____          _            __ _ _
 /\\ / ___'_ __ _ _(_)_ __  __ _ \ \ \ \
( ( )\___ | '_ | '_| | '_ \/ _` | \ \ \ \
 \\/  ___)| |_)| | | | | || (_| |  ) ) ) )
  '  |____| .__|_| |_|_| |_\__, | / / / /
 =========|_|==============|___/=/_/_/_/
 :: Spring Boot ::                (v3.1.6)

2023-12-19T15:40:30.430+09:00  INFO 32958 --- [    Test worker] e.cashcard.CashCardApplicationTests      : Starting CashCardApplicationTests using Java 17.0.7 with PID 32958 (started by aqi in /Users/aqi/Documents/workStation/cashcard)
2023-12-19T15:40:30.431+09:00  INFO 32958 --- [    Test worker] e.cashcard.CashCardApplicationTests      : No active profile set, falling back to 1 default profile: "default"
2023-12-19T15:40:30.522+09:00  INFO 32958 --- [    Test worker] .s.d.r.c.RepositoryConfigurationDelegate : Bootstrapping Spring Data JDBC repositories in DEFAULT mode.
2023-12-19T15:40:30.526+09:00  INFO 32958 --- [    Test worker] .s.d.r.c.RepositoryConfigurationDelegate : Finished Spring Data repository scanning in 4 ms. Found 1 JDBC repository interface.
2023-12-19T15:40:30.562+09:00  INFO 32958 --- [    Test worker] o.s.b.w.embedded.tomcat.TomcatWebServer  : Tomcat initialized with port(s): 0 (http)
2023-12-19T15:40:30.562+09:00  INFO 32958 --- [    Test worker] o.apache.catalina.core.StandardService   : Starting service [Tomcat]
2023-12-19T15:40:30.562+09:00  INFO 32958 --- [    Test worker] o.apache.catalina.core.StandardEngine    : Starting Servlet engine: [Apache Tomcat/10.1.16]
2023-12-19T15:40:30.571+09:00  INFO 32958 --- [    Test worker] o.a.c.c.C.[Tomcat].[localhost].[/]       : Initializing Spring embedded WebApplicationContext
2023-12-19T15:40:30.571+09:00  INFO 32958 --- [    Test worker] w.s.c.ServletWebServerApplicationContext : Root WebApplicationContext: initialization completed in 139 ms
2023-12-19T15:40:30.581+09:00  INFO 32958 --- [    Test worker] o.s.j.d.e.EmbeddedDatabaseFactory        : Starting embedded database: url='jdbc:h2:mem:d4bc7cde-edae-44cd-a32f-b1241b8227c6;DB_CLOSE_DELAY=-1;DB_CLOSE_ON_EXIT=false', username='sa'
2023-12-19T15:40:30.831+09:00  INFO 32958 --- [    Test worker] o.s.s.web.DefaultSecurityFilterChain     : Will secure any request with [org.springframework.security.web.session.DisableEncodeUrlFilter@2fbd47b7, org.springframework.security.web.context.request.async.WebAsyncManagerIntegrationFilter@2ecd2aa4, org.springframework.security.web.context.SecurityContextHolderFilter@159408a7, org.springframework.security.web.header.HeaderWriterFilter@34604b32, org.springframework.security.web.authentication.logout.LogoutFilter@4220468, org.springframework.security.web.authentication.www.BasicAuthenticationFilter@3ba815ee, org.springframework.security.web.savedrequest.RequestCacheAwareFilter@5354bfce, org.springframework.security.web.servletapi.SecurityContextHolderAwareRequestFilter@74901d7, org.springframework.security.web.authentication.AnonymousAuthenticationFilter@27bc2650, org.springframework.security.web.access.ExceptionTranslationFilter@5ca10d0e, org.springframework.security.web.access.intercept.AuthorizationFilter@3df681cc]
2023-12-19T15:40:30.857+09:00  INFO 32958 --- [    Test worker] o.s.b.w.embedded.tomcat.TomcatWebServer  : Tomcat started on port(s): 62347 (http) with context path ''
2023-12-19T15:40:30.859+09:00  INFO 32958 --- [    Test worker] e.cashcard.CashCardApplicationTests      : Started CashCardApplicationTests in 0.445 seconds (process running for 7.31)
2023-12-19T15:40:30.864+09:00  INFO 32958 --- [o-auto-3-exec-1] o.a.c.c.C.[Tomcat].[localhost].[/]       : Initializing Spring DispatcherServlet 'dispatcherServlet'
2023-12-19T15:40:30.864+09:00  INFO 32958 --- [o-auto-3-exec-1] o.s.web.servlet.DispatcherServlet        : Initializing Servlet 'dispatcherServlet'
2023-12-19T15:40:30.865+09:00  INFO 32958 --- [o-auto-3-exec-1] o.s.web.servlet.DispatcherServlet        : Completed initialization in 1 ms
2023-12-19T15:40:30.991+09:00  WARN 32958 --- [o-auto-3-exec-1] o.s.w.s.h.HandlerMappingIntrospector     : Cache miss for REQUEST dispatch to '/cashcards/99' (previous null). Performing MatchableHandlerMapping lookup. This is logged once only at WARN level, and every time at TRACE.
2023-12-19T15:40:32.239+09:00  INFO 32958 --- [    Test worker] o.apache.catalina.core.StandardService   : Stopping service [Tomcat]
2023-12-19T15:40:32.240+09:00  INFO 32958 --- [    Test worker] o.a.c.c.C.[Tomcat].[localhost].[/]       : Destroying Spring FrameworkServlet 'dispatcherServlet'
2023-12-19T15:40:32.243+09:00  INFO 32958 --- [    Test worker] o.s.j.d.e.EmbeddedDatabaseFactory        : Shutting down embedded database: url='jdbc:h2:mem:d4bc7cde-edae-44cd-a32f-b1241b8227c6;DB_CLOSE_DELAY=-1;DB_CLOSE_ON_EXIT=false'

  .   ____          _            __ _ _
 /\\ / ___'_ __ _ _(_)_ __  __ _ \ \ \ \
( ( )\___ | '_ | '_| | '_ \/ _` | \ \ \ \
 \\/  ___)| |_)| | | | | || (_| |  ) ) ) )
  '  |____| .__|_| |_|_| |_\__, | / / / /
 =========|_|==============|___/=/_/_/_/
 :: Spring Boot ::                (v3.1.6)

2023-12-19T15:40:32.458+09:00  INFO 32958 --- [    Test worker] e.cashcard.CashCardApplicationTests      : Starting CashCardApplicationTests using Java 17.0.7 with PID 32958 (started by aqi in /Users/aqi/Documents/workStation/cashcard)
2023-12-19T15:40:32.459+09:00  INFO 32958 --- [    Test worker] e.cashcard.CashCardApplicationTests      : No active profile set, falling back to 1 default profile: "default"
2023-12-19T15:40:32.540+09:00  INFO 32958 --- [    Test worker] .s.d.r.c.RepositoryConfigurationDelegate : Bootstrapping Spring Data JDBC repositories in DEFAULT mode.
2023-12-19T15:40:32.545+09:00  INFO 32958 --- [    Test worker] .s.d.r.c.RepositoryConfigurationDelegate : Finished Spring Data repository scanning in 4 ms. Found 1 JDBC repository interface.
2023-12-19T15:40:32.587+09:00  INFO 32958 --- [    Test worker] o.s.b.w.embedded.tomcat.TomcatWebServer  : Tomcat initialized with port(s): 0 (http)
2023-12-19T15:40:32.588+09:00  INFO 32958 --- [    Test worker] o.apache.catalina.core.StandardService   : Starting service [Tomcat]
2023-12-19T15:40:32.588+09:00  INFO 32958 --- [    Test worker] o.apache.catalina.core.StandardEngine    : Starting Servlet engine: [Apache Tomcat/10.1.16]
2023-12-19T15:40:32.598+09:00  INFO 32958 --- [    Test worker] o.a.c.c.C.[Tomcat].[localhost].[/]       : Initializing Spring embedded WebApplicationContext
2023-12-19T15:40:32.598+09:00  INFO 32958 --- [    Test worker] w.s.c.ServletWebServerApplicationContext : Root WebApplicationContext: initialization completed in 138 ms
2023-12-19T15:40:32.609+09:00  INFO 32958 --- [    Test worker] o.s.j.d.e.EmbeddedDatabaseFactory        : Starting embedded database: url='jdbc:h2:mem:42268a4b-a012-4780-88e0-904bea0c22d0;DB_CLOSE_DELAY=-1;DB_CLOSE_ON_EXIT=false', username='sa'
2023-12-19T15:40:32.861+09:00  INFO 32958 --- [    Test worker] o.s.s.web.DefaultSecurityFilterChain     : Will secure any request with [org.springframework.security.web.session.DisableEncodeUrlFilter@2f3565c0, org.springframework.security.web.context.request.async.WebAsyncManagerIntegrationFilter@64a8851a, org.springframework.security.web.context.SecurityContextHolderFilter@1259b2a5, org.springframework.security.web.header.HeaderWriterFilter@362e6fe, org.springframework.security.web.authentication.logout.LogoutFilter@37a36194, org.springframework.security.web.authentication.www.BasicAuthenticationFilter@3b60be3, org.springframework.security.web.savedrequest.RequestCacheAwareFilter@6779af40, org.springframework.security.web.servletapi.SecurityContextHolderAwareRequestFilter@7cf166db, org.springframework.security.web.authentication.AnonymousAuthenticationFilter@5b27d03d, org.springframework.security.web.access.ExceptionTranslationFilter@2d26c6a2, org.springframework.security.web.access.intercept.AuthorizationFilter@6abaa14b]
2023-12-19T15:40:32.887+09:00  INFO 32958 --- [    Test worker] o.s.b.w.embedded.tomcat.TomcatWebServer  : Tomcat started on port(s): 62350 (http) with context path ''
2023-12-19T15:40:32.889+09:00  INFO 32958 --- [    Test worker] e.cashcard.CashCardApplicationTests      : Started CashCardApplicationTests in 0.443 seconds (process running for 9.34)
2023-12-19T15:40:32.896+09:00  INFO 32958 --- [o-auto-4-exec-1] o.a.c.c.C.[Tomcat].[localhost].[/]       : Initializing Spring DispatcherServlet 'dispatcherServlet'
2023-12-19T15:40:32.896+09:00  INFO 32958 --- [o-auto-4-exec-1] o.s.web.servlet.DispatcherServlet        : Initializing Servlet 'dispatcherServlet'
2023-12-19T15:40:32.896+09:00  INFO 32958 --- [o-auto-4-exec-1] o.s.web.servlet.DispatcherServlet        : Completed initialization in 0 ms
2023-12-19T15:40:33.023+09:00  WARN 32958 --- [o-auto-4-exec-1] o.s.w.s.h.HandlerMappingIntrospector     : Cache miss for REQUEST dispatch to '/cashcards/99999' (previous null). Performing MatchableHandlerMapping lookup. This is logged once only at WARN level, and every time at TRACE.
]]></system-out>
  <system-err><![CDATA[]]></system-err>
</testsuite>
