<?xml version="1.0" encoding="UTF-8"?>
<testsuite name="example.cashcard.CashCardApplicationTests" tests="10" skipped="0" failures="0" errors="0" timestamp="2023-12-04T01:38:49" hostname="aqiCMD6R.vmware.com" time="2.73">
  <properties/>
  <testcase name="shouldReturnASortedPageOfCashCards()" classname="example.cashcard.CashCardApplicationTests" time="1.032"/>
  <testcase name="shouldNotAllowAccessToCashCardsTheyDoNotOwn()" classname="example.cashcard.CashCardApplicationTests" time="0.086"/>
  <testcase name="shouldReturnACashCardWhenDataIsSaved()" classname="example.cashcard.CashCardApplicationTests" time="0.08"/>
  <testcase name="shouldCreateANewCashCard()" classname="example.cashcard.CashCardApplicationTests" time="0.433"/>
  <testcase name="shouldRejectUsersWhoAreNotCardOwners()" classname="example.cashcard.CashCardApplicationTests" time="0.15"/>
  <testcase name="shouldReturnAPageOfCashCards()" classname="example.cashcard.CashCardApplicationTests" time="0.083"/>
  <testcase name="shouldNotReturnACashCardWhenUsingBadCredentials()" classname="example.cashcard.CashCardApplicationTests" time="0.15"/>
  <testcase name="shouldReturnAllCashCardsWhenListIsRequested()" classname="example.cashcard.CashCardApplicationTests" time="0.08"/>
  <testcase name="shouldReturnASortedPageOfCashCardsWithNoParametersAndUseDefaultValues()" classname="example.cashcard.CashCardApplicationTests" time="0.083"/>
  <testcase name="shouldNotReturnACashCardWithAnUnknownId()" classname="example.cashcard.CashCardApplicationTests" time="0.084"/>
  <system-out><![CDATA[10:38:47.163 [Test worker] INFO org.springframework.test.context.support.AnnotationConfigContextLoaderUtils -- Could not detect default configuration classes for test class [example.cashcard.CashCardApplicationTests]: CashCardApplicationTests does not declare any static, non-private, non-final, nested classes annotated with @Configuration.
10:38:47.247 [Test worker] INFO org.springframework.boot.test.context.SpringBootTestContextBootstrapper -- Found @SpringBootConfiguration example.cashcard.CashcardApplication for test class example.cashcard.CashCardApplicationTests

  .   ____          _            __ _ _
 /\\ / ___'_ __ _ _(_)_ __  __ _ \ \ \ \
( ( )\___ | '_ | '_| | '_ \/ _` | \ \ \ \
 \\/  ___)| |_)| | | | | || (_| |  ) ) ) )
  '  |____| .__|_| |_|_| |_\__, | / / / /
 =========|_|==============|___/=/_/_/_/
 :: Spring Boot ::                (v3.1.6)

2023-12-04T10:38:47.523+09:00  INFO 36434 --- [    Test worker] e.cashcard.CashCardApplicationTests      : Starting CashCardApplicationTests using Java 17.0.7 with PID 36434 (started by aqi in /Users/aqi/Documents/workStation/cashcard)
2023-12-04T10:38:47.524+09:00  INFO 36434 --- [    Test worker] e.cashcard.CashCardApplicationTests      : No active profile set, falling back to 1 default profile: "default"
2023-12-04T10:38:47.939+09:00  INFO 36434 --- [    Test worker] .s.d.r.c.RepositoryConfigurationDelegate : Bootstrapping Spring Data JDBC repositories in DEFAULT mode.
2023-12-04T10:38:47.975+09:00  INFO 36434 --- [    Test worker] .s.d.r.c.RepositoryConfigurationDelegate : Finished Spring Data repository scanning in 32 ms. Found 1 JDBC repository interface.
2023-12-04T10:38:48.368+09:00  INFO 36434 --- [    Test worker] o.s.b.w.embedded.tomcat.TomcatWebServer  : Tomcat initialized with port(s): 0 (http)
2023-12-04T10:38:48.376+09:00  INFO 36434 --- [    Test worker] o.apache.catalina.core.StandardService   : Starting service [Tomcat]
2023-12-04T10:38:48.377+09:00  INFO 36434 --- [    Test worker] o.apache.catalina.core.StandardEngine    : Starting Servlet engine: [Apache Tomcat/10.1.16]
2023-12-04T10:38:48.451+09:00  INFO 36434 --- [    Test worker] o.a.c.c.C.[Tomcat].[localhost].[/]       : Initializing Spring embedded WebApplicationContext
2023-12-04T10:38:48.452+09:00  INFO 36434 --- [    Test worker] w.s.c.ServletWebServerApplicationContext : Root WebApplicationContext: initialization completed in 912 ms
2023-12-04T10:38:48.512+09:00  INFO 36434 --- [    Test worker] o.s.j.d.e.EmbeddedDatabaseFactory        : Starting embedded database: url='jdbc:h2:mem:ddd35c07-aeca-4e1b-92a7-40027ef79a5e;DB_CLOSE_DELAY=-1;DB_CLOSE_ON_EXIT=false', username='sa'
2023-12-04T10:38:49.230+09:00  INFO 36434 --- [    Test worker] o.s.s.web.DefaultSecurityFilterChain     : Will secure any request with [org.springframework.security.web.session.DisableEncodeUrlFilter@69d667a5, org.springframework.security.web.context.request.async.WebAsyncManagerIntegrationFilter@7fe87c0e, org.springframework.security.web.context.SecurityContextHolderFilter@2d5ae78e, org.springframework.security.web.header.HeaderWriterFilter@1533338c, org.springframework.security.web.authentication.logout.LogoutFilter@2d47b06, org.springframework.security.web.authentication.www.BasicAuthenticationFilter@789dd6bf, org.springframework.security.web.savedrequest.RequestCacheAwareFilter@4df0d9f8, org.springframework.security.web.servletapi.SecurityContextHolderAwareRequestFilter@6de84336, org.springframework.security.web.authentication.AnonymousAuthenticationFilter@8f4b803, org.springframework.security.web.access.ExceptionTranslationFilter@7ee12d58, org.springframework.security.web.access.intercept.AuthorizationFilter@6c2883b1]
2023-12-04T10:38:49.367+09:00  INFO 36434 --- [    Test worker] o.s.b.w.embedded.tomcat.TomcatWebServer  : Tomcat started on port(s): 60771 (http) with context path ''
2023-12-04T10:38:49.374+09:00  INFO 36434 --- [    Test worker] e.cashcard.CashCardApplicationTests      : Started CashCardApplicationTests in 2.03 seconds (process running for 2.881)
2023-12-04T10:38:50.057+09:00  INFO 36434 --- [o-auto-1-exec-1] o.a.c.c.C.[Tomcat].[localhost].[/]       : Initializing Spring DispatcherServlet 'dispatcherServlet'
2023-12-04T10:38:50.057+09:00  INFO 36434 --- [o-auto-1-exec-1] o.s.web.servlet.DispatcherServlet        : Initializing Servlet 'dispatcherServlet'
2023-12-04T10:38:50.058+09:00  INFO 36434 --- [o-auto-1-exec-1] o.s.web.servlet.DispatcherServlet        : Completed initialization in 0 ms
2023-12-04T10:38:50.197+09:00  WARN 36434 --- [o-auto-1-exec-1] o.s.w.s.h.HandlerMappingIntrospector     : Cache miss for REQUEST dispatch to '/cashcards' (previous null). Performing MatchableHandlerMapping lookup. This is logged once only at WARN level, and every time at TRACE.
2023-12-04T10:38:50.799+09:00  INFO 36434 --- [    Test worker] o.apache.catalina.core.StandardService   : Stopping service [Tomcat]
2023-12-04T10:38:50.800+09:00  INFO 36434 --- [    Test worker] o.a.c.c.C.[Tomcat].[localhost].[/]       : Destroying Spring FrameworkServlet 'dispatcherServlet'
2023-12-04T10:38:50.809+09:00  INFO 36434 --- [    Test worker] o.s.j.d.e.EmbeddedDatabaseFactory        : Shutting down embedded database: url='jdbc:h2:mem:ddd35c07-aeca-4e1b-92a7-40027ef79a5e;DB_CLOSE_DELAY=-1;DB_CLOSE_ON_EXIT=false'

  .   ____          _            __ _ _
 /\\ / ___'_ __ _ _(_)_ __  __ _ \ \ \ \
( ( )\___ | '_ | '_| | '_ \/ _` | \ \ \ \
 \\/  ___)| |_)| | | | | || (_| |  ) ) ) )
  '  |____| .__|_| |_|_| |_\__, | / / / /
 =========|_|==============|___/=/_/_/_/
 :: Spring Boot ::                (v3.1.6)

2023-12-04T10:38:51.037+09:00  INFO 36434 --- [    Test worker] e.cashcard.CashCardApplicationTests      : Starting CashCardApplicationTests using Java 17.0.7 with PID 36434 (started by aqi in /Users/aqi/Documents/workStation/cashcard)
2023-12-04T10:38:51.037+09:00  INFO 36434 --- [    Test worker] e.cashcard.CashCardApplicationTests      : No active profile set, falling back to 1 default profile: "default"
2023-12-04T10:38:51.147+09:00  INFO 36434 --- [    Test worker] .s.d.r.c.RepositoryConfigurationDelegate : Bootstrapping Spring Data JDBC repositories in DEFAULT mode.
2023-12-04T10:38:51.153+09:00  INFO 36434 --- [    Test worker] .s.d.r.c.RepositoryConfigurationDelegate : Finished Spring Data repository scanning in 5 ms. Found 1 JDBC repository interface.
2023-12-04T10:38:51.207+09:00  INFO 36434 --- [    Test worker] o.s.b.w.embedded.tomcat.TomcatWebServer  : Tomcat initialized with port(s): 0 (http)
2023-12-04T10:38:51.207+09:00  INFO 36434 --- [    Test worker] o.apache.catalina.core.StandardService   : Starting service [Tomcat]
2023-12-04T10:38:51.208+09:00  INFO 36434 --- [    Test worker] o.apache.catalina.core.StandardEngine    : Starting Servlet engine: [Apache Tomcat/10.1.16]
2023-12-04T10:38:51.220+09:00  INFO 36434 --- [    Test worker] o.a.c.c.C.[Tomcat].[localhost].[/]       : Initializing Spring embedded WebApplicationContext
2023-12-04T10:38:51.220+09:00  INFO 36434 --- [    Test worker] w.s.c.ServletWebServerApplicationContext : Root WebApplicationContext: initialization completed in 179 ms
2023-12-04T10:38:51.233+09:00  INFO 36434 --- [    Test worker] o.s.j.d.e.EmbeddedDatabaseFactory        : Starting embedded database: url='jdbc:h2:mem:b0846f2f-a93b-4314-bc3f-762240846977;DB_CLOSE_DELAY=-1;DB_CLOSE_ON_EXIT=false', username='sa'
2023-12-04T10:38:51.433+09:00  INFO 36434 --- [    Test worker] o.s.s.web.DefaultSecurityFilterChain     : Will secure any request with [org.springframework.security.web.session.DisableEncodeUrlFilter@5d01a2eb, org.springframework.security.web.context.request.async.WebAsyncManagerIntegrationFilter@6fe337a5, org.springframework.security.web.context.SecurityContextHolderFilter@2fc40856, org.springframework.security.web.header.HeaderWriterFilter@4e210016, org.springframework.security.web.authentication.logout.LogoutFilter@57ed8f95, org.springframework.security.web.authentication.www.BasicAuthenticationFilter@66ab088c, org.springframework.security.web.savedrequest.RequestCacheAwareFilter@5543d800, org.springframework.security.web.servletapi.SecurityContextHolderAwareRequestFilter@1e033801, org.springframework.security.web.authentication.AnonymousAuthenticationFilter@7d60bd5a, org.springframework.security.web.access.ExceptionTranslationFilter@4601a148, org.springframework.security.web.access.intercept.AuthorizationFilter@1be12e05]
2023-12-04T10:38:51.470+09:00  INFO 36434 --- [    Test worker] o.s.b.w.embedded.tomcat.TomcatWebServer  : Tomcat started on port(s): 60776 (http) with context path ''
2023-12-04T10:38:51.472+09:00  INFO 36434 --- [    Test worker] e.cashcard.CashCardApplicationTests      : Started CashCardApplicationTests in 0.456 seconds (process running for 4.98)
2023-12-04T10:38:51.478+09:00  INFO 36434 --- [o-auto-2-exec-1] o.a.c.c.C.[Tomcat].[localhost].[/]       : Initializing Spring DispatcherServlet 'dispatcherServlet'
2023-12-04T10:38:51.478+09:00  INFO 36434 --- [o-auto-2-exec-1] o.s.web.servlet.DispatcherServlet        : Initializing Servlet 'dispatcherServlet'
2023-12-04T10:38:51.479+09:00  INFO 36434 --- [o-auto-2-exec-1] o.s.web.servlet.DispatcherServlet        : Completed initialization in 1 ms
2023-12-04T10:38:51.617+09:00  WARN 36434 --- [o-auto-2-exec-1] o.s.w.s.h.HandlerMappingIntrospector     : Cache miss for REQUEST dispatch to '/cashcards/99' (previous null). Performing MatchableHandlerMapping lookup. This is logged once only at WARN level, and every time at TRACE.
]]></system-out>
  <system-err><![CDATA[]]></system-err>
</testsuite>
